Command line invocation:
    /Applications/Xcode.app/Contents/Developer/usr/bin/xcodebuild -project Termy.xcodeproj -scheme Termy -destination "platform=iOS Simulator,name=iPhone 17"

Resolve Package Graph


Resolved source packages:
  swift-argument-parser: https://github.com/apple/swift-argument-parser @ 1.8.2
  SwiftTerm: https://github.com/migueldeicaza/SwiftTerm.git @ 1.13.0

ComputePackagePrebuildTargetDependencyGraph

Prepare packages

CreateBuildRequest

SendProjectDescription

CreateBuildOperation

ComputeTargetDependencyGraph
note: Building targets in dependency order
note: Target dependency graph (9 targets)
    Target 'Termy' in project 'Termy'
        ➜ Explicit dependency on target 'SwiftTermFuzz' in project 'SwiftTerm'
        ➜ Explicit dependency on target 'termcast' in project 'SwiftTerm'
        ➜ Explicit dependency on target 'SwiftTerm' in project 'SwiftTerm'
    Target 'SwiftTerm' in project 'SwiftTerm'
        ➜ Explicit dependency on target 'SwiftTerm' in project 'SwiftTerm'
        ➜ Explicit dependency on target 'SwiftTerm_SwiftTerm' in project 'SwiftTerm'
    Target 'termcast' in project 'SwiftTerm'
        ➜ Explicit dependency on target 'SwiftTerm' in project 'SwiftTerm'
        ➜ Explicit dependency on target 'ArgumentParser' in project 'swift-argument-parser'
    Target 'ArgumentParser' in project 'swift-argument-parser'
        ➜ Explicit dependency on target 'ArgumentParser' in project 'swift-argument-parser'
        ➜ Explicit dependency on target 'ArgumentParserToolInfo' in project 'swift-argument-parser'
    Target 'ArgumentParser' in project 'swift-argument-parser'
        ➜ Explicit dependency on target 'ArgumentParserToolInfo' in project 'swift-argument-parser'
    Target 'ArgumentParserToolInfo' in project 'swift-argument-parser' (no dependencies)
    Target 'SwiftTermFuzz' in project 'SwiftTerm'
        ➜ Explicit dependency on target 'SwiftTerm' in project 'SwiftTerm'
    Target 'SwiftTerm' in project 'SwiftTerm'
        ➜ Explicit dependency on target 'SwiftTerm_SwiftTerm' in project 'SwiftTerm'
    Target 'SwiftTerm_SwiftTerm' in project 'SwiftTerm' (no dependencies)

GatherProvisioningInputs

CreateBuildDescription

ExecuteExternalTool /Applications/Xcode.app/Contents/Developer/Toolchains/XcodeDefault.xctoolchain/usr/bin/swiftc --version

ExecuteExternalTool /Applications/Xcode.app/Contents/Developer/Toolchains/XcodeDefault.xctoolchain/usr/bin/clang -v -E -dM -isysroot /Applications/Xcode.app/Contents/Developer/Platforms/iPhoneSimulator.platform/Developer/SDKs/iPhoneSimulator26.0.sdk -x c -c /dev/null

ExecuteExternalTool /Applications/Xcode.app/Contents/Developer/usr/bin/actool --print-asset-tag-combinations --output-format xml1 /Users/shreyanshu/Desktop/term/Termy/Termy/Assets.xcassets

ExecuteExternalTool /Applications/Xcode.app/Contents/Developer/usr/bin/actool --version --output-format xml1

ExecuteExternalTool /Applications/Xcode.app/Contents/Developer/Toolchains/XcodeDefault.xctoolchain/usr/bin/ld -version_details

ReadFileContents /Applications/Xcode.app/Contents/Developer/Toolchains/XcodeDefault.xctoolchain/usr/share/docc/features.json

Build description signature: e0711de6ebfa95acd40a3b95dea369e6
Build description path: /Users/shreyanshu/Library/Developer/Xcode/DerivedData/Termy-bohejasbkevirechwqmlymigyooc/Build/Intermediates.noindex/XCBuildData/e0711de6ebfa95acd40a3b95dea369e6.xcbuilddata
ClangStatCache /Applications/Xcode.app/Contents/Developer/Toolchains/XcodeDefault.xctoolchain/usr/bin/clang-stat-cache /Applications/Xcode.app/Contents/Developer/Platforms/iPhoneSimulator.platform/Developer/SDKs/iPhoneSimulator26.0.sdk /Users/shreyanshu/Library/Developer/Xcode/DerivedData/SDKStatCaches.noindex/iphonesimulator26.0-23A339-3885c01c3e6b6a337905948deab2002e26257891a6c027eb51374368541b8346.sdkstatcache
    cd /Users/shreyanshu/Desktop/term/Termy/Termy.xcodeproj
    /Applications/Xcode.app/Contents/Developer/Toolchains/XcodeDefault.xctoolchain/usr/bin/clang-stat-cache /Applications/Xcode.app/Contents/Developer/Platforms/iPhoneSimulator.platform/Developer/SDKs/iPhoneSimulator26.0.sdk -o /Users/shreyanshu/Library/Developer/Xcode/DerivedData/SDKStatCaches.noindex/iphonesimulator26.0-23A339-3885c01c3e6b6a337905948deab2002e26257891a6c027eb51374368541b8346.sdkstatcache

ProcessInfoPlistFile /Users/shreyanshu/Library/Developer/Xcode/DerivedData/Termy-bohejasbkevirechwqmlymigyooc/Build/Products/Debug-iphonesimulator/SwiftTerm_SwiftTerm.bundle/Info.plist /Users/shreyanshu/Library/Developer/Xcode/DerivedData/Termy-bohejasbkevirechwqmlymigyooc/Build/Intermediates.noindex/SwiftTerm.build/Debug-iphonesimulator/SwiftTerm_SwiftTerm.build/empty-SwiftTerm_SwiftTerm.plist (in target 'SwiftTerm_SwiftTerm' from project 'SwiftTerm')
    cd /Users/shreyanshu/Library/Developer/Xcode/DerivedData/Termy-bohejasbkevirechwqmlymigyooc/SourcePackages/checkouts/SwiftTerm
    builtin-infoPlistUtility /Users/shreyanshu/Library/Developer/Xcode/DerivedData/Termy-bohejasbkevirechwqmlymigyooc/Build/Intermediates.noindex/SwiftTerm.build/Debug-iphonesimulator/SwiftTerm_SwiftTerm.build/empty-SwiftTerm_SwiftTerm.plist -producttype com.apple.product-type.bundle -expandbuildsettings -format binary -platform iphonesimulator -o /Users/shreyanshu/Library/Developer/Xcode/DerivedData/Termy-bohejasbkevirechwqmlymigyooc/Build/Products/Debug-iphonesimulator/SwiftTerm_SwiftTerm.bundle/Info.plist

ProcessInfoPlistFile /Users/shreyanshu/Library/Developer/Xcode/DerivedData/Termy-bohejasbkevirechwqmlymigyooc/Build/Products/Debug-iphonesimulator/PackageFrameworks/SwiftTerm.framework/Info.plist /Users/shreyanshu/Library/Developer/Xcode/DerivedData/Termy-bohejasbkevirechwqmlymigyooc/Build/Intermediates.noindex/SwiftTerm.build/Debug-iphonesimulator/SwiftTerm.build/empty-SwiftTerm.plist (in target 'SwiftTerm' from project 'SwiftTerm')
    cd /Users/shreyanshu/Library/Developer/Xcode/DerivedData/Termy-bohejasbkevirechwqmlymigyooc/SourcePackages/checkouts/SwiftTerm
    builtin-infoPlistUtility /Users/shreyanshu/Library/Developer/Xcode/DerivedData/Termy-bohejasbkevirechwqmlymigyooc/Build/Intermediates.noindex/SwiftTerm.build/Debug-iphonesimulator/SwiftTerm.build/empty-SwiftTerm.plist -producttype com.apple.product-type.framework -expandbuildsettings -format binary -platform iphonesimulator -o /Users/shreyanshu/Library/Developer/Xcode/DerivedData/Termy-bohejasbkevirechwqmlymigyooc/Build/Products/Debug-iphonesimulator/PackageFrameworks/SwiftTerm.framework/Info.plist

ProcessProductPackaging "" /Users/shreyanshu/Library/Developer/Xcode/DerivedData/Termy-bohejasbkevirechwqmlymigyooc/Build/Intermediates.noindex/SwiftTerm.build/Debug-iphonesimulator/SwiftTermFuzz.build/SwiftTermFuzz-Simulated.xcent (in target 'SwiftTermFuzz' from project 'SwiftTerm')
    cd /Users/shreyanshu/Library/Developer/Xcode/DerivedData/Termy-bohejasbkevirechwqmlymigyooc/SourcePackages/checkouts/SwiftTerm
    
    Entitlements:
    
    {
    "application-identifier" = "3S9PPRUG6U.swiftterm.SwiftTermFuzz";
}
    
    builtin-productPackagingUtility -entitlements -format xml -o /Users/shreyanshu/Library/Developer/Xcode/DerivedData/Termy-bohejasbkevirechwqmlymigyooc/Build/Intermediates.noindex/SwiftTerm.build/Debug-iphonesimulator/SwiftTermFuzz.build/SwiftTermFuzz-Simulated.xcent

ProcessProductPackaging "" /Users/shreyanshu/Library/Developer/Xcode/DerivedData/Termy-bohejasbkevirechwqmlymigyooc/Build/Intermediates.noindex/SwiftTerm.build/Debug-iphonesimulator/termcast.build/termcast-Simulated.xcent (in target 'termcast' from project 'SwiftTerm')
    cd /Users/shreyanshu/Library/Developer/Xcode/DerivedData/Termy-bohejasbkevirechwqmlymigyooc/SourcePackages/checkouts/SwiftTerm
    
    Entitlements:
    
    {
    "application-identifier" = "3S9PPRUG6U.swiftterm.termcast";
}
    
    builtin-productPackagingUtility -entitlements -format xml -o /Users/shreyanshu/Library/Developer/Xcode/DerivedData/Termy-bohejasbkevirechwqmlymigyooc/Build/Intermediates.noindex/SwiftTerm.build/Debug-iphonesimulator/termcast.build/termcast-Simulated.xcent

ProcessProductPackagingDER /Users/shreyanshu/Library/Developer/Xcode/DerivedData/Termy-bohejasbkevirechwqmlymigyooc/Build/Intermediates.noindex/SwiftTerm.build/Debug-iphonesimulator/SwiftTermFuzz.build/SwiftTermFuzz-Simulated.xcent /Users/shreyanshu/Library/Developer/Xcode/DerivedData/Termy-bohejasbkevirechwqmlymigyooc/Build/Intermediates.noindex/SwiftTerm.build/Debug-iphonesimulator/SwiftTermFuzz.build/SwiftTermFuzz-Simulated.xcent.der (in target 'SwiftTermFuzz' from project 'SwiftTerm')
    cd /Users/shreyanshu/Library/Developer/Xcode/DerivedData/Termy-bohejasbkevirechwqmlymigyooc/SourcePackages/checkouts/SwiftTerm
    /usr/bin/derq query -f xml -i /Users/shreyanshu/Library/Developer/Xcode/DerivedData/Termy-bohejasbkevirechwqmlymigyooc/Build/Intermediates.noindex/SwiftTerm.build/Debug-iphonesimulator/SwiftTermFuzz.build/SwiftTermFuzz-Simulated.xcent -o /Users/shreyanshu/Library/Developer/Xcode/DerivedData/Termy-bohejasbkevirechwqmlymigyooc/Build/Intermediates.noindex/SwiftTerm.build/Debug-iphonesimulator/SwiftTermFuzz.build/SwiftTermFuzz-Simulated.xcent.der --raw

ProcessProductPackagingDER /Users/shreyanshu/Library/Developer/Xcode/DerivedData/Termy-bohejasbkevirechwqmlymigyooc/Build/Intermediates.noindex/SwiftTerm.build/Debug-iphonesimulator/termcast.build/termcast-Simulated.xcent /Users/shreyanshu/Library/Developer/Xcode/DerivedData/Termy-bohejasbkevirechwqmlymigyooc/Build/Intermediates.noindex/SwiftTerm.build/Debug-iphonesimulator/termcast.build/termcast-Simulated.xcent.der (in target 'termcast' from project 'SwiftTerm')
    cd /Users/shreyanshu/Library/Developer/Xcode/DerivedData/Termy-bohejasbkevirechwqmlymigyooc/SourcePackages/checkouts/SwiftTerm
    /usr/bin/derq query -f xml -i /Users/shreyanshu/Library/Developer/Xcode/DerivedData/Termy-bohejasbkevirechwqmlymigyooc/Build/Intermediates.noindex/SwiftTerm.build/Debug-iphonesimulator/termcast.build/termcast-Simulated.xcent -o /Users/shreyanshu/Library/Developer/Xcode/DerivedData/Termy-bohejasbkevirechwqmlymigyooc/Build/Intermediates.noindex/SwiftTerm.build/Debug-iphonesimulator/termcast.build/termcast-Simulated.xcent.der --raw

Ld /Users/shreyanshu/Library/Developer/Xcode/DerivedData/Termy-bohejasbkevirechwqmlymigyooc/Build/Products/Debug-iphonesimulator/SwiftTermFuzz normal (in target 'SwiftTermFuzz' from project 'SwiftTerm')
    cd /Users/shreyanshu/Library/Developer/Xcode/DerivedData/Termy-bohejasbkevirechwqmlymigyooc/SourcePackages/checkouts/SwiftTerm
    /Applications/Xcode.app/Contents/Developer/Toolchains/XcodeDefault.xctoolchain/usr/bin/clang -Xlinker -reproducible -target arm64-apple-ios14.0-simulator -isysroot /Applications/Xcode.app/Contents/Developer/Platforms/iPhoneSimulator.platform/Developer/SDKs/iPhoneSimulator26.0.sdk -O0 -w -L/Users/shreyanshu/Library/Developer/Xcode/DerivedData/Termy-bohejasbkevirechwqmlymigyooc/Build/Intermediates.noindex/EagerLinkingTBDs/Debug-iphonesimulator -L/Users/shreyanshu/Library/Developer/Xcode/DerivedData/Termy-bohejasbkevirechwqmlymigyooc/Build/Products/Debug-iphonesimulator -L/Applications/Xcode.app/Contents/Developer/Platforms/iPhoneSimulator.platform/Developer/usr/lib -F/Users/shreyanshu/Library/Developer/Xcode/DerivedData/Termy-bohejasbkevirechwqmlymigyooc/Build/Intermediates.noindex/EagerLinkingTBDs/Debug-iphonesimulator -F/Users/shreyanshu/Library/Developer/Xcode/DerivedData/Termy-bohejasbkevirechwqmlymigyooc/Build/Products/Debug-iphonesimulator/PackageFrameworks -F/Users/shreyanshu/Library/Developer/Xcode/DerivedData/Termy-bohejasbkevirechwqmlymigyooc/Build/Products/Debug-iphonesimulator -iframework /Applications/Xcode.app/Contents/Developer/Platforms/iPhoneSimulator.platform/Developer/Library/Frameworks -iframework /Applications/Xcode.app/Contents/Developer/Platforms/iPhoneSimulator.platform/Developer/SDKs/iPhoneSimulator26.0.sdk/Developer/Library/Frameworks -filelist /Users/shreyanshu/Library/Developer/Xcode/DerivedData/Termy-bohejasbkevirechwqmlymigyooc/Build/Intermediates.noindex/SwiftTerm.build/Debug-iphonesimulator/SwiftTermFuzz.build/Objects-normal/arm64/SwiftTermFuzz.LinkFileList -Xlinker -rpath -Xlinker /usr/lib/swift -Xlinker -rpath -Xlinker /Users/shreyanshu/Library/Developer/Xcode/DerivedData/Termy-bohejasbkevirechwqmlymigyooc/Build/Products/Debug-iphonesimulator/PackageFrameworks -dead_strip -Xlinker -object_path_lto -Xlinker /Users/shreyanshu/Library/Developer/Xcode/DerivedData/Termy-bohejasbkevirechwqmlymigyooc/Build/Intermediates.noindex/SwiftTerm.build/Debug-iphonesimulator/SwiftTermFuzz.build/Objects-normal/arm64/SwiftTermFuzz_lto.o -rdynamic -Xlinker -no_deduplicate -Xlinker -objc_abi_version -Xlinker 2 -Xlinker -debug_variant -Xlinker -dependency_info -Xlinker /Users/shreyanshu/Library/Developer/Xcode/DerivedData/Termy-bohejasbkevirechwqmlymigyooc/Build/Intermediates.noindex/SwiftTerm.build/Debug-iphonesimulator/SwiftTermFuzz.build/Objects-normal/arm64/SwiftTermFuzz_dependency_info.dat -fobjc-link-runtime -fprofile-instr-generate -L/Applications/Xcode.app/Contents/Developer/Toolchains/XcodeDefault.xctoolchain/usr/lib/swift/iphonesimulator -L/usr/lib/swift -Xlinker -add_ast_path -Xlinker /Users/shreyanshu/Library/Developer/Xcode/DerivedData/Termy-bohejasbkevirechwqmlymigyooc/Build/Intermediates.noindex/SwiftTerm.build/Debug-iphonesimulator/SwiftTermFuzz.build/Objects-normal/arm64/SwiftTermFuzz.swiftmodule @/Users/shreyanshu/Library/Developer/Xcode/DerivedData/Termy-bohejasbkevirechwqmlymigyooc/Build/Intermediates.noindex/SwiftTerm.build/Debug-iphonesimulator/SwiftTermFuzz.build/Objects-normal/arm64/SwiftTermFuzz-linker-args.resp -Wl,-no_warn_duplicate_libraries -Xlinker -sectcreate -Xlinker __TEXT -Xlinker __entitlements -Xlinker /Users/shreyanshu/Library/Developer/Xcode/DerivedData/Termy-bohejasbkevirechwqmlymigyooc/Build/Intermediates.noindex/SwiftTerm.build/Debug-iphonesimulator/SwiftTermFuzz.build/SwiftTermFuzz-Simulated.xcent -Xlinker -sectcreate -Xlinker __TEXT -Xlinker __ents_der -Xlinker /Users/shreyanshu/Library/Developer/Xcode/DerivedData/Termy-bohejasbkevirechwqmlymigyooc/Build/Intermediates.noindex/SwiftTerm.build/Debug-iphonesimulator/SwiftTermFuzz.build/SwiftTermFuzz-Simulated.xcent.der -framework SwiftTerm -Xlinker -no_adhoc_codesign -o /Users/shreyanshu/Library/Developer/Xcode/DerivedData/Termy-bohejasbkevirechwqmlymigyooc/Build/Products/Debug-iphonesimulator/SwiftTermFuzz

Ld /Users/shreyanshu/Library/Developer/Xcode/DerivedData/Termy-bohejasbkevirechwqmlymigyooc/Build/Products/Debug-iphonesimulator/termcast normal (in target 'termcast' from project 'SwiftTerm')
    cd /Users/shreyanshu/Library/Developer/Xcode/DerivedData/Termy-bohejasbkevirechwqmlymigyooc/SourcePackages/checkouts/SwiftTerm
    /Applications/Xcode.app/Contents/Developer/Toolchains/XcodeDefault.xctoolchain/usr/bin/clang -Xlinker -reproducible -target arm64-apple-ios14.0-simulator -isysroot /Applications/Xcode.app/Contents/Developer/Platforms/iPhoneSimulator.platform/Developer/SDKs/iPhoneSimulator26.0.sdk -O0 -w -L/Users/shreyanshu/Library/Developer/Xcode/DerivedData/Termy-bohejasbkevirechwqmlymigyooc/Build/Intermediates.noindex/EagerLinkingTBDs/Debug-iphonesimulator -L/Users/shreyanshu/Library/Developer/Xcode/DerivedData/Termy-bohejasbkevirechwqmlymigyooc/Build/Products/Debug-iphonesimulator -L/Applications/Xcode.app/Contents/Developer/Platforms/iPhoneSimulator.platform/Developer/usr/lib -F/Users/shreyanshu/Library/Developer/Xcode/DerivedData/Termy-bohejasbkevirechwqmlymigyooc/Build/Intermediates.noindex/EagerLinkingTBDs/Debug-iphonesimulator -F/Users/shreyanshu/Library/Developer/Xcode/DerivedData/Termy-bohejasbkevirechwqmlymigyooc/Build/Products/Debug-iphonesimulator/PackageFrameworks -F/Users/shreyanshu/Library/Developer/Xcode/DerivedData/Termy-bohejasbkevirechwqmlymigyooc/Build/Products/Debug-iphonesimulator/PackageFrameworks -F/Users/shreyanshu/Library/Developer/Xcode/DerivedData/Termy-bohejasbkevirechwqmlymigyooc/Build/Products/Debug-iphonesimulator/PackageFrameworks -F/Users/shreyanshu/Library/Developer/Xcode/DerivedData/Termy-bohejasbkevirechwqmlymigyooc/Build/Products/Debug-iphonesimulator -iframework /Applications/Xcode.app/Contents/Developer/Platforms/iPhoneSimulator.platform/Developer/Library/Frameworks -iframework /Applications/Xcode.app/Contents/Developer/Platforms/iPhoneSimulator.platform/Developer/SDKs/iPhoneSimulator26.0.sdk/Developer/Library/Frameworks -filelist /Users/shreyanshu/Library/Developer/Xcode/DerivedData/Termy-bohejasbkevirechwqmlymigyooc/Build/Intermediates.noindex/SwiftTerm.build/Debug-iphonesimulator/termcast.build/Objects-normal/arm64/termcast.LinkFileList -Xlinker -rpath -Xlinker /usr/lib/swift -Xlinker -rpath -Xlinker /Users/shreyanshu/Library/Developer/Xcode/DerivedData/Termy-bohejasbkevirechwqmlymigyooc/Build/Products/Debug-iphonesimulator/PackageFrameworks -dead_strip -Xlinker -object_path_lto -Xlinker /Users/shreyanshu/Library/Developer/Xcode/DerivedData/Termy-bohejasbkevirechwqmlymigyooc/Build/Intermediates.noindex/SwiftTerm.build/Debug-iphonesimulator/termcast.build/Objects-normal/arm64/termcast_lto.o -rdynamic -Xlinker -no_deduplicate -Xlinker -objc_abi_version -Xlinker 2 -Xlinker -debug_variant -Xlinker -dependency_info -Xlinker /Users/shreyanshu/Library/Developer/Xcode/DerivedData/Termy-bohejasbkevirechwqmlymigyooc/Build/Intermediates.noindex/SwiftTerm.build/Debug-iphonesimulator/termcast.build/Objects-normal/arm64/termcast_dependency_info.dat -fobjc-link-runtime -fprofile-instr-generate -L/Applications/Xcode.app/Contents/Developer/Toolchains/XcodeDefault.xctoolchain/usr/lib/swift/iphonesimulator -L/usr/lib/swift -Xlinker -add_ast_path -Xlinker /Users/shreyanshu/Library/Developer/Xcode/DerivedData/Termy-bohejasbkevirechwqmlymigyooc/Build/Intermediates.noindex/SwiftTerm.build/Debug-iphonesimulator/termcast.build/Objects-normal/arm64/termcast.swiftmodule @/Users/shreyanshu/Library/Developer/Xcode/DerivedData/Termy-bohejasbkevirechwqmlymigyooc/Build/Intermediates.noindex/SwiftTerm.build/Debug-iphonesimulator/termcast.build/Objects-normal/arm64/termcast-linker-args.resp -Wl,-no_warn_duplicate_libraries -Wl,-no_warn_duplicate_libraries -Wl,-no_warn_duplicate_libraries -Xlinker -sectcreate -Xlinker __TEXT -Xlinker __entitlements -Xlinker /Users/shreyanshu/Library/Developer/Xcode/DerivedData/Termy-bohejasbkevirechwqmlymigyooc/Build/Intermediates.noindex/SwiftTerm.build/Debug-iphonesimulator/termcast.build/termcast-Simulated.xcent -Xlinker -sectcreate -Xlinker __TEXT -Xlinker __ents_der -Xlinker /Users/shreyanshu/Library/Developer/Xcode/DerivedData/Termy-bohejasbkevirechwqmlymigyooc/Build/Intermediates.noindex/SwiftTerm.build/Debug-iphonesimulator/termcast.build/termcast-Simulated.xcent.der -framework SwiftTerm -Xlinker -no_adhoc_codesign -o /Users/shreyanshu/Library/Developer/Xcode/DerivedData/Termy-bohejasbkevirechwqmlymigyooc/Build/Products/Debug-iphonesimulator/termcast -Xlinker -add_ast_path -Xlinker /Users/shreyanshu/Library/Developer/Xcode/DerivedData/Termy-bohejasbkevirechwqmlymigyooc/Build/Intermediates.noindex/swift-argument-parser.build/Debug-iphonesimulator/ArgumentParser.build/Objects-normal/arm64/ArgumentParser.swiftmodule @/Users/shreyanshu/Library/Developer/Xcode/DerivedData/Termy-bohejasbkevirechwqmlymigyooc/Build/Intermediates.noindex/swift-argument-parser.build/Debug-iphonesimulator/ArgumentParser.build/Objects-normal/arm64/ArgumentParser-linker-args.resp -Xlinker -add_ast_path -Xlinker /Users/shreyanshu/Library/Developer/Xcode/DerivedData/Termy-bohejasbkevirechwqmlymigyooc/Build/Intermediates.noindex/swift-argument-parser.build/Debug-iphonesimulator/ArgumentParserToolInfo.build/Objects-normal/arm64/ArgumentParserToolInfo.swiftmodule @/Users/shreyanshu/Library/Developer/Xcode/DerivedData/Termy-bohejasbkevirechwqmlymigyooc/Build/Intermediates.noindex/swift-argument-parser.build/Debug-iphonesimulator/ArgumentParserToolInfo.build/Objects-normal/arm64/ArgumentParserToolInfo-linker-args.resp

ProcessProductPackaging "" /Users/shreyanshu/Library/Developer/Xcode/DerivedData/Termy-bohejasbkevirechwqmlymigyooc/Build/Intermediates.noindex/Termy.build/Debug-iphonesimulator/Termy.build/Termy.app-Simulated.xcent (in target 'Termy' from project 'Termy')
    cd /Users/shreyanshu/Desktop/term/Termy
    
    Entitlements:
    
    {
    "application-identifier" = "3S9PPRUG6U.shreyanshu.Termy";
}
    
    builtin-productPackagingUtility -entitlements -format xml -o /Users/shreyanshu/Library/Developer/Xcode/DerivedData/Termy-bohejasbkevirechwqmlymigyooc/Build/Intermediates.noindex/Termy.build/Debug-iphonesimulator/Termy.build/Termy.app-Simulated.xcent

ProcessProductPackagingDER /Users/shreyanshu/Library/Developer/Xcode/DerivedData/Termy-bohejasbkevirechwqmlymigyooc/Build/Intermediates.noindex/Termy.build/Debug-iphonesimulator/Termy.build/Termy.app-Simulated.xcent /Users/shreyanshu/Library/Developer/Xcode/DerivedData/Termy-bohejasbkevirechwqmlymigyooc/Build/Intermediates.noindex/Termy.build/Debug-iphonesimulator/Termy.build/Termy.app-Simulated.xcent.der (in target 'Termy' from project 'Termy')
    cd /Users/shreyanshu/Desktop/term/Termy
    /usr/bin/derq query -f xml -i /Users/shreyanshu/Library/Developer/Xcode/DerivedData/Termy-bohejasbkevirechwqmlymigyooc/Build/Intermediates.noindex/Termy.build/Debug-iphonesimulator/Termy.build/Termy.app-Simulated.xcent -o /Users/shreyanshu/Library/Developer/Xcode/DerivedData/Termy-bohejasbkevirechwqmlymigyooc/Build/Intermediates.noindex/Termy.build/Debug-iphonesimulator/Termy.build/Termy.app-Simulated.xcent.der --raw

SwiftDriver Termy normal arm64 com.apple.xcode.tools.swift.compiler (in target 'Termy' from project 'Termy')
    cd /Users/shreyanshu/Desktop/term/Termy
    builtin-SwiftDriver -- /Applications/Xcode.app/Contents/Developer/Toolchains/XcodeDefault.xctoolchain/usr/bin/swiftc -module-name Termy -Onone -enforce-exclusivity\=checked @/Users/shreyanshu/Library/Developer/Xcode/DerivedData/Termy-bohejasbkevirechwqmlymigyooc/Build/Intermediates.noindex/Termy.build/Debug-iphonesimulator/Termy.build/Objects-normal/arm64/Termy.SwiftFileList -DDEBUG -default-isolation\=MainActor -enable-bare-slash-regex -enable-upcoming-feature DisableOutwardActorInference -enable-upcoming-feature InferSendableFromCaptures -enable-upcoming-feature GlobalActorIsolatedTypesUsability -enable-upcoming-feature MemberImportVisibility -enable-upcoming-feature InferIsolatedConformances -enable-upcoming-feature NonisolatedNonsendingByDefault -enable-experimental-feature DebugDescriptionMacro -sdk /Applications/Xcode.app/Contents/Developer/Platforms/iPhoneSimulator.platform/Developer/SDKs/iPhoneSimulator26.0.sdk -target arm64-apple-ios26.0-simulator -g -module-cache-path /Users/shreyanshu/Library/Developer/Xcode/DerivedData/ModuleCache.noindex -Xfrontend -serialize-debugging-options -profile-coverage-mapping -profile-generate -enable-testing -index-store-path /Users/shreyanshu/Library/Developer/Xcode/DerivedData/Termy-bohejasbkevirechwqmlymigyooc/Index.noindex/DataStore -Xcc -D_LIBCPP_HARDENING_MODE\=_LIBCPP_HARDENING_MODE_DEBUG -swift-version 5 -I /Users/shreyanshu/Library/Developer/Xcode/DerivedData/Termy-bohejasbkevirechwqmlymigyooc/Build/Products/Debug-iphonesimulator -F /Users/shreyanshu/Library/Developer/Xcode/DerivedData/Termy-bohejasbkevirechwqmlymigyooc/Build/Products/Debug-iphonesimulator/PackageFrameworks -F /Users/shreyanshu/Library/Developer/Xcode/DerivedData/Termy-bohejasbkevirechwqmlymigyooc/Build/Products/Debug-iphonesimulator/PackageFrameworks -F /Users/shreyanshu/Library/Developer/Xcode/DerivedData/Termy-bohejasbkevirechwqmlymigyooc/Build/Products/Debug-iphonesimulator/PackageFrameworks -F /Users/shreyanshu/Library/Developer/Xcode/DerivedData/Termy-bohejasbkevirechwqmlymigyooc/Build/Products/Debug-iphonesimulator -emit-localized-strings -emit-localized-strings-path /Users/shreyanshu/Library/Developer/Xcode/DerivedData/Termy-bohejasbkevirechwqmlymigyooc/Build/Intermediates.noindex/Termy.build/Debug-iphonesimulator/Termy.build/Objects-normal/arm64 -c -j8 -enable-batch-mode -incremental -Xcc -ivfsstatcache -Xcc /Users/shreyanshu/Library/Developer/Xcode/DerivedData/SDKStatCaches.noindex/iphonesimulator26.0-23A339-3885c01c3e6b6a337905948deab2002e26257891a6c027eb51374368541b8346.sdkstatcache -output-file-map /Users/shreyanshu/Library/Developer/Xcode/DerivedData/Termy-bohejasbkevirechwqmlymigyooc/Build/Intermediates.noindex/Termy.build/Debug-iphonesimulator/Termy.build/Objects-normal/arm64/Termy-OutputFileMap.json -use-frontend-parseable-output -save-temps -no-color-diagnostics -explicit-module-build -module-cache-path /Users/shreyanshu/Library/Developer/Xcode/DerivedData/Termy-bohejasbkevirechwqmlymigyooc/Build/Intermediates.noindex/SwiftExplicitPrecompiledModules -clang-scanner-module-cache-path /Users/shreyanshu/Library/Developer/Xcode/DerivedData/ModuleCache.noindex -sdk-module-cache-path /Users/shreyanshu/Library/Developer/Xcode/DerivedData/ModuleCache.noindex -serialize-diagnostics -emit-dependencies -emit-module -emit-module-path /Users/shreyanshu/Library/Developer/Xcode/DerivedData/Termy-bohejasbkevirechwqmlymigyooc/Build/Intermediates.noindex/Termy.build/Debug-iphonesimulator/Termy.build/Objects-normal/arm64/Termy.swiftmodule -validate-clang-modules-once -clang-build-session-file /Users/shreyanshu/Library/Developer/Xcode/DerivedData/ModuleCache.noindex/Session.modulevalidation -Xcc -I/Users/shreyanshu/Library/Developer/Xcode/DerivedData/Termy-bohejasbkevirechwqmlymigyooc/Build/Intermediates.noindex/Termy.build/Debug-iphonesimulator/Termy.build/swift-overrides.hmap -emit-const-values -Xfrontend -const-gather-protocols-file -Xfrontend /Users/shreyanshu/Library/Developer/Xcode/DerivedData/Termy-bohejasbkevirechwqmlymigyooc/Build/Intermediates.noindex/Termy.build/Debug-iphonesimulator/Termy.build/Objects-normal/arm64/Termy_const_extract_protocols.json -Xcc -iquote -Xcc /Users/shreyanshu/Library/Developer/Xcode/DerivedData/Termy-bohejasbkevirechwqmlymigyooc/Build/Intermediates.noindex/Termy.build/Debug-iphonesimulator/Termy.build/Termy-generated-files.hmap -Xcc -I/Users/shreyanshu/Library/Developer/Xcode/DerivedData/Termy-bohejasbkevirechwqmlymigyooc/Build/Intermediates.noindex/Termy.build/Debug-iphonesimulator/Termy.build/Termy-own-target-headers.hmap -Xcc -I/Users/shreyanshu/Library/Developer/Xcode/DerivedData/Termy-bohejasbkevirechwqmlymigyooc/Build/Intermediates.noindex/Termy.build/Debug-iphonesimulator/Termy.build/Termy-all-non-framework-target-headers.hmap -Xcc -ivfsoverlay -Xcc /Users/shreyanshu/Library/Developer/Xcode/DerivedData/Termy-bohejasbkevirechwqmlymigyooc/Build/Intermediates.noindex/Termy.build/Debug-iphonesimulator/Termy-03cdde650311e857cf26431fdd413124-VFS-iphonesimulator/all-product-headers.yaml -Xcc -iquote -Xcc /Users/shreyanshu/Library/Developer/Xcode/DerivedData/Termy-bohejasbkevirechwqmlymigyooc/Build/Intermediates.noindex/Termy.build/Debug-iphonesimulator/Termy.build/Termy-project-headers.hmap -Xcc -I/Users/shreyanshu/Library/Developer/Xcode/DerivedData/Termy-bohejasbkevirechwqmlymigyooc/Build/Products/Debug-iphonesimulator/include -Xcc -I/Users/shreyanshu/Library/Developer/Xcode/DerivedData/Termy-bohejasbkevirechwqmlymigyooc/Build/Intermediates.noindex/Termy.build/Debug-iphonesimulator/Termy.build/DerivedSources-normal/arm64 -Xcc -I/Users/shreyanshu/Library/Developer/Xcode/DerivedData/Termy-bohejasbkevirechwqmlymigyooc/Build/Intermediates.noindex/Termy.build/Debug-iphonesimulator/Termy.build/DerivedSources/arm64 -Xcc -I/Users/shreyanshu/Library/Developer/Xcode/DerivedData/Termy-bohejasbkevirechwqmlymigyooc/Build/Intermediates.noindex/Termy.build/Debug-iphonesimulator/Termy.build/DerivedSources -Xcc -DDEBUG\=1 -emit-objc-header -emit-objc-header-path /Users/shreyanshu/Library/Developer/Xcode/DerivedData/Termy-bohejasbkevirechwqmlymigyooc/Build/Intermediates.noindex/Termy.build/Debug-iphonesimulator/Termy.build/Objects-normal/arm64/Termy-Swift.h -working-directory /Users/shreyanshu/Desktop/term/Termy -experimental-emit-module-separately -disable-cmo

CodeSign /Users/shreyanshu/Library/Developer/Xcode/DerivedData/Termy-bohejasbkevirechwqmlymigyooc/Build/Products/Debug-iphonesimulator/SwiftTermFuzz (in target 'SwiftTermFuzz' from project 'SwiftTerm')
    cd /Users/shreyanshu/Library/Developer/Xcode/DerivedData/Termy-bohejasbkevirechwqmlymigyooc/SourcePackages/checkouts/SwiftTerm
    
    Signing Identity:     "Sign to Run Locally"
    
    /usr/bin/codesign --force --sign - --timestamp\=none --generate-entitlement-der /Users/shreyanshu/Library/Developer/Xcode/DerivedData/Termy-bohejasbkevirechwqmlymigyooc/Build/Products/Debug-iphonesimulator/SwiftTermFuzz

RegisterExecutionPolicyException /Users/shreyanshu/Library/Developer/Xcode/DerivedData/Termy-bohejasbkevirechwqmlymigyooc/Build/Products/Debug-iphonesimulator/SwiftTermFuzz (in target 'SwiftTermFuzz' from project 'SwiftTerm')
    cd /Users/shreyanshu/Library/Developer/Xcode/DerivedData/Termy-bohejasbkevirechwqmlymigyooc/SourcePackages/checkouts/SwiftTerm
    builtin-RegisterExecutionPolicyException /Users/shreyanshu/Library/Developer/Xcode/DerivedData/Termy-bohejasbkevirechwqmlymigyooc/Build/Products/Debug-iphonesimulator/SwiftTermFuzz

CodeSign /Users/shreyanshu/Library/Developer/Xcode/DerivedData/Termy-bohejasbkevirechwqmlymigyooc/Build/Products/Debug-iphonesimulator/termcast (in target 'termcast' from project 'SwiftTerm')
    cd /Users/shreyanshu/Library/Developer/Xcode/DerivedData/Termy-bohejasbkevirechwqmlymigyooc/SourcePackages/checkouts/SwiftTerm
    
    Signing Identity:     "Sign to Run Locally"
    
    /usr/bin/codesign --force --sign - --timestamp\=none --generate-entitlement-der /Users/shreyanshu/Library/Developer/Xcode/DerivedData/Termy-bohejasbkevirechwqmlymigyooc/Build/Products/Debug-iphonesimulator/termcast

RegisterExecutionPolicyException /Users/shreyanshu/Library/Developer/Xcode/DerivedData/Termy-bohejasbkevirechwqmlymigyooc/Build/Products/Debug-iphonesimulator/termcast (in target 'termcast' from project 'SwiftTerm')
    cd /Users/shreyanshu/Library/Developer/Xcode/DerivedData/Termy-bohejasbkevirechwqmlymigyooc/SourcePackages/checkouts/SwiftTerm
    builtin-RegisterExecutionPolicyException /Users/shreyanshu/Library/Developer/Xcode/DerivedData/Termy-bohejasbkevirechwqmlymigyooc/Build/Products/Debug-iphonesimulator/termcast

Ld /Users/shreyanshu/Library/Developer/Xcode/DerivedData/Termy-bohejasbkevirechwqmlymigyooc/Build/Products/Debug-iphonesimulator/Termy.app/__preview.dylib normal (in target 'Termy' from project 'Termy')
    cd /Users/shreyanshu/Desktop/term/Termy
    /Applications/Xcode.app/Contents/Developer/Toolchains/XcodeDefault.xctoolchain/usr/bin/clang -Xlinker -reproducible -target arm64-apple-ios26.0-simulator -dynamiclib -isysroot /Applications/Xcode.app/Contents/Developer/Platforms/iPhoneSimulator.platform/Developer/SDKs/iPhoneSimulator26.0.sdk -O0 -L/Users/shreyanshu/Library/Developer/Xcode/DerivedData/Termy-bohejasbkevirechwqmlymigyooc/Build/Products/Debug-iphonesimulator -F/Users/shreyanshu/Library/Developer/Xcode/DerivedData/Termy-bohejasbkevirechwqmlymigyooc/Build/Products/Debug-iphonesimulator/PackageFrameworks -F/Users/shreyanshu/Library/Developer/Xcode/DerivedData/Termy-bohejasbkevirechwqmlymigyooc/Build/Products/Debug-iphonesimulator/PackageFrameworks -F/Users/shreyanshu/Library/Developer/Xcode/DerivedData/Termy-bohejasbkevirechwqmlymigyooc/Build/Products/Debug-iphonesimulator/PackageFrameworks -F/Users/shreyanshu/Library/Developer/Xcode/DerivedData/Termy-bohejasbkevirechwqmlymigyooc/Build/Products/Debug-iphonesimulator -install_name @rpath/Termy.debug.dylib -dead_strip -rdynamic -Xlinker -no_deduplicate -Xlinker -objc_abi_version -Xlinker 2 -Xlinker -debug_variant -Xlinker -dependency_info -Xlinker /Users/shreyanshu/Library/Developer/Xcode/DerivedData/Termy-bohejasbkevirechwqmlymigyooc/Build/Intermediates.noindex/Termy.build/Debug-iphonesimulator/Termy.build/Objects-normal/arm64/Termy_dependency_info.dat -Xlinker -sectcreate -Xlinker __TEXT -Xlinker __entitlements -Xlinker /Users/shreyanshu/Library/Developer/Xcode/DerivedData/Termy-bohejasbkevirechwqmlymigyooc/Build/Intermediates.noindex/Termy.build/Debug-iphonesimulator/Termy.build/Termy.app-Simulated.xcent -Xlinker -sectcreate -Xlinker __TEXT -Xlinker __ents_der -Xlinker /Users/shreyanshu/Library/Developer/Xcode/DerivedData/Termy-bohejasbkevirechwqmlymigyooc/Build/Intermediates.noindex/Termy.build/Debug-iphonesimulator/Termy.build/Termy.app-Simulated.xcent.der -Xlinker -no_adhoc_codesign -o /Users/shreyanshu/Library/Developer/Xcode/DerivedData/Termy-bohejasbkevirechwqmlymigyooc/Build/Products/Debug-iphonesimulator/Termy.app/__preview.dylib

Copy /Users/shreyanshu/Library/Developer/Xcode/DerivedData/Termy-bohejasbkevirechwqmlymigyooc/Build/Products/Debug-iphonesimulator/Termy.app/Frameworks/SwiftTerm.framework /Users/shreyanshu/Library/Developer/Xcode/DerivedData/Termy-bohejasbkevirechwqmlymigyooc/Build/Products/Debug-iphonesimulator/PackageFrameworks/SwiftTerm.framework (in target 'Termy' from project 'Termy')
    cd /Users/shreyanshu/Desktop/term/Termy
    builtin-copy -exclude .DS_Store -exclude CVS -exclude .svn -exclude .git -exclude .hg -resolve-src-symlinks -remove-static-executable /Users/shreyanshu/Library/Developer/Xcode/DerivedData/Termy-bohejasbkevirechwqmlymigyooc/Build/Products/Debug-iphonesimulator/PackageFrameworks/SwiftTerm.framework /Users/shreyanshu/Library/Developer/Xcode/DerivedData/Termy-bohejasbkevirechwqmlymigyooc/Build/Products/Debug-iphonesimulator/Termy.app/Frameworks

CodeSign /Users/shreyanshu/Library/Developer/Xcode/DerivedData/Termy-bohejasbkevirechwqmlymigyooc/Build/Products/Debug-iphonesimulator/Termy.app/Frameworks/SwiftTerm.framework (in target 'Termy' from project 'Termy')
    cd /Users/shreyanshu/Desktop/term/Termy
    
    Signing Identity:     "Sign to Run Locally"
    
    /usr/bin/codesign --force --sign - --timestamp\=none --preserve-metadata\=identifier,entitlements,flags --generate-entitlement-der /Users/shreyanshu/Library/Developer/Xcode/DerivedData/Termy-bohejasbkevirechwqmlymigyooc/Build/Products/Debug-iphonesimulator/Termy.app/Frameworks/SwiftTerm.framework
/Users/shreyanshu/Library/Developer/Xcode/DerivedData/Termy-bohejasbkevirechwqmlymigyooc/Build/Products/Debug-iphonesimulator/Termy.app/Frameworks/SwiftTerm.framework: replacing existing signature

ProcessInfoPlistFile /Users/shreyanshu/Library/Developer/Xcode/DerivedData/Termy-bohejasbkevirechwqmlymigyooc/Build/Products/Debug-iphonesimulator/Termy.app/Info.plist /Users/shreyanshu/Library/Developer/Xcode/DerivedData/Termy-bohejasbkevirechwqmlymigyooc/Build/Intermediates.noindex/Termy.build/Debug-iphonesimulator/Termy.build/empty-Termy.plist (in target 'Termy' from project 'Termy')
    cd /Users/shreyanshu/Desktop/term/Termy
    builtin-infoPlistUtility /Users/shreyanshu/Library/Developer/Xcode/DerivedData/Termy-bohejasbkevirechwqmlymigyooc/Build/Intermediates.noindex/Termy.build/Debug-iphonesimulator/Termy.build/empty-Termy.plist -producttype com.apple.product-type.application -genpkginfo /Users/shreyanshu/Library/Developer/Xcode/DerivedData/Termy-bohejasbkevirechwqmlymigyooc/Build/Products/Debug-iphonesimulator/Termy.app/PkgInfo -expandbuildsettings -format binary -platform iphonesimulator -additionalcontentfile /Users/shreyanshu/Library/Developer/Xcode/DerivedData/Termy-bohejasbkevirechwqmlymigyooc/Build/Intermediates.noindex/Termy.build/Debug-iphonesimulator/Termy.build/assetcatalog_generated_info.plist -scanforprivacyfile /Users/shreyanshu/Library/Developer/Xcode/DerivedData/Termy-bohejasbkevirechwqmlymigyooc/Build/Products/Debug-iphonesimulator/Termy.app/Frameworks/SwiftTerm.framework -scanforprivacyfile /Users/shreyanshu/Library/Developer/Xcode/DerivedData/Termy-bohejasbkevirechwqmlymigyooc/Build/Products/Debug-iphonesimulator/Termy.app/SwiftTerm_SwiftTerm.bundle -o /Users/shreyanshu/Library/Developer/Xcode/DerivedData/Termy-bohejasbkevirechwqmlymigyooc/Build/Products/Debug-iphonesimulator/Termy.app/Info.plist

SwiftCompile normal arm64 Compiling\ ProtocolSchemas.swift /Users/shreyanshu/Desktop/term/Termy/Termy/Models/ProtocolSchemas.swift (in target 'Termy' from project 'Termy')

SwiftCompile normal arm64 /Users/shreyanshu/Desktop/term/Termy/Termy/Models/ProtocolSchemas.swift (in target 'Termy' from project 'Termy')
    cd /Users/shreyanshu/Desktop/term/Termy
    

SwiftCompile normal arm64 Compiling\ SettingsView.swift /Users/shreyanshu/Desktop/term/Termy/Termy/Views/Settings/SettingsView.swift (in target 'Termy' from project 'Termy')
SwiftCompile normal arm64 /Users/shreyanshu/Desktop/term/Termy/Termy/Views/Settings/SettingsView.swift (in target 'Termy' from project 'Termy')
    cd /Users/shreyanshu/Desktop/term/Termy
    

SwiftCompile normal arm64 Compiling\ AIApprovalView.swift /Users/shreyanshu/Desktop/term/Termy/Termy/Views/Inbox/AIApprovalView.swift (in target 'Termy' from project 'Termy')
SwiftCompile normal arm64 /Users/shreyanshu/Desktop/term/Termy/Termy/Views/Inbox/AIApprovalView.swift (in target 'Termy' from project 'Termy')
    cd /Users/shreyanshu/Desktop/term/Termy
    

SwiftCompile normal arm64 Compiling\ WebSocketManager.swift /Users/shreyanshu/Desktop/term/Termy/Termy/Services/Connection/WebSocketManager.swift (in target 'Termy' from project 'Termy')
SwiftCompile normal arm64 /Users/shreyanshu/Desktop/term/Termy/Termy/Services/Connection/WebSocketManager.swift (in target 'Termy' from project 'Termy')
    cd /Users/shreyanshu/Desktop/term/Termy
    

SwiftEmitModule normal arm64 Emitting\ module\ for\ Termy (in target 'Termy' from project 'Termy')
Failed frontend command:
/Applications/Xcode.app/Contents/Developer/Toolchains/XcodeDefault.xctoolchain/usr/bin/swift-frontend -frontend -emit-module -experimental-skip-non-inlinable-function-bodies-without-types /Users/shreyanshu/Desktop/term/Termy/Termy/Models/ProtocolSchemas.swift /Users/shreyanshu/Desktop/term/Termy/Termy/Services/Connection/WebSocketManager.swift /Users/shreyanshu/Desktop/term/Termy/Termy/Views/Inbox/AIApprovalView.swift /Users/shreyanshu/Desktop/term/Termy/Termy/Views/Settings/SettingsView.swift /Users/shreyanshu/Desktop/term/Termy/Termy/Views/Terminal/SwiftTermView.swift /Users/shreyanshu/Desktop/term/Termy/Termy/Views/Terminal/TerminalView.swift /Users/shreyanshu/Desktop/term/Termy/Termy/ContentView.swift /Users/shreyanshu/Desktop/term/Termy/Termy/TermyApp.swift /Users/shreyanshu/Library/Developer/Xcode/DerivedData/Termy-bohejasbkevirechwqmlymigyooc/Build/Intermediates.noindex/Termy.build/Debug-iphonesimulator/Termy.build/DerivedSources/GeneratedAssetSymbols.swift -target arm64-apple-ios26.0-simulator -module-can-import-version DeveloperToolsSupport 23.0.4 23.0.4 -module-can-import-version SwiftUI 7.0.84.1 7.0.84 -module-can-import-version UIKit 9088.1.113 9088.1.113 -load-resolved-plugin /Applications/Xcode.app/Contents/Developer/Platforms/iPhoneOS.platform/Developer/usr/lib/swift/host/plugins/libFoundationMacros.dylib\#/Applications/Xcode.app/Contents/Developer/Platforms/iPhoneOS.platform/Developer/usr/bin/swift-plugin-server\#FoundationMacros -load-resolved-plugin /Applications/Xcode.app/Contents/Developer/Platforms/iPhoneOS.platform/Developer/usr/lib/swift/host/plugins/libObservationMacros.dylib\#/Applications/Xcode.app/Contents/Developer/Platforms/iPhoneOS.platform/Developer/usr/bin/swift-plugin-server\#ObservationMacros -load-resolved-plugin /Applications/Xcode.app/Contents/Developer/Platforms/iPhoneOS.platform/Developer/usr/lib/swift/host/plugins/libPreviewsMacros.dylib\#/Applications/Xcode.app/Contents/Developer/Platforms/iPhoneOS.platform/Developer/usr/bin/swift-plugin-server\#PreviewsMacros -load-resolved-plugin /Applications/Xcode.app/Contents/Developer/Platforms/iPhoneOS.platform/Developer/usr/lib/swift/host/plugins/libSwiftMacros.dylib\#/Applications/Xcode.app/Contents/Developer/Platforms/iPhoneOS.platform/Developer/usr/bin/swift-plugin-server\#SwiftMacros -load-resolved-plugin /Applications/Xcode.app/Contents/Developer/Platforms/iPhoneOS.platform/Developer/usr/lib/swift/host/plugins/libSwiftUIMacros.dylib\#/Applications/Xcode.app/Contents/Developer/Platforms/iPhoneOS.platform/Developer/usr/bin/swift-plugin-server\#SwiftUIMacros -disable-implicit-swift-modules -Xcc -fno-implicit-modules -Xcc -fno-implicit-module-maps -explicit-swift-module-map-file /Users/shreyanshu/Library/Developer/Xcode/DerivedData/Termy-bohejasbkevirechwqmlymigyooc/Build/Intermediates.noindex/Termy.build/Debug-iphonesimulator/Termy.build/Objects-normal/arm64/Termy-dependencies-1.json -Xllvm -aarch64-use-tbi -enable-objc-interop -sdk /Applications/Xcode.app/Contents/Developer/Platforms/iPhoneSimulator.platform/Developer/SDKs/iPhoneSimulator26.0.sdk -I /Users/shreyanshu/Library/Developer/Xcode/DerivedData/Termy-bohejasbkevirechwqmlymigyooc/Build/Products/Debug-iphonesimulator -F /Users/shreyanshu/Library/Developer/Xcode/DerivedData/Termy-bohejasbkevirechwqmlymigyooc/Build/Products/Debug-iphonesimulator/PackageFrameworks -F /Users/shreyanshu/Library/Developer/Xcode/DerivedData/Termy-bohejasbkevirechwqmlymigyooc/Build/Products/Debug-iphonesimulator/PackageFrameworks -F /Users/shreyanshu/Library/Developer/Xcode/DerivedData/Termy-bohejasbkevirechwqmlymigyooc/Build/Products/Debug-iphonesimulator/PackageFrameworks -F /Users/shreyanshu/Library/Developer/Xcode/DerivedData/Termy-bohejasbkevirechwqmlymigyooc/Build/Products/Debug-iphonesimulator -no-color-diagnostics -Xcc -fno-color-diagnostics -enable-testing -g -debug-info-format\=dwarf -dwarf-version\=5 -module-cache-path /Users/shreyanshu/Library/Developer/Xcode/DerivedData/Termy-bohejasbkevirechwqmlymigyooc/Build/Intermediates.noindex/SwiftExplicitPrecompiledModules -profile-generate -profile-coverage-mapping -swift-version 5 -enforce-exclusivity\=checked -Onone -D DEBUG -serialize-debugging-options -const-gather-protocols-file /Users/shreyanshu/Library/Developer/Xcode/DerivedData/Termy-bohejasbkevirechwqmlymigyooc/Build/Intermediates.noindex/Termy.build/Debug-iphonesimulator/Termy.build/Objects-normal/arm64/Termy_const_extract_protocols.json -enable-upcoming-feature DisableOutwardActorInference -enable-upcoming-feature InferSendableFromCaptures -enable-upcoming-feature GlobalActorIsolatedTypesUsability -enable-upcoming-feature MemberImportVisibility -enable-upcoming-feature InferIsolatedConformances -enable-upcoming-feature NonisolatedNonsendingByDefault -enable-experimental-feature DebugDescriptionMacro -enable-bare-slash-regex -default-isolation\=MainActor -empty-abi-descriptor -validate-clang-modules-once -clang-build-session-file /Users/shreyanshu/Library/Developer/Xcode/DerivedData/ModuleCache.noindex/Session.modulevalidation -Xcc -working-directory -Xcc /Users/shreyanshu/Desktop/term/Termy -enable-anonymous-context-mangled-names -file-compilation-dir /Users/shreyanshu/Desktop/term/Termy -Xcc -D_LIBCPP_HARDENING_MODE\=_LIBCPP_HARDENING_MODE_DEBUG -Xcc -ivfsstatcache -Xcc /Users/shreyanshu/Library/Developer/Xcode/DerivedData/SDKStatCaches.noindex/iphonesimulator26.0-23A339-3885c01c3e6b6a337905948deab2002e26257891a6c027eb51374368541b8346.sdkstatcache -Xcc -I/Users/shreyanshu/Library/Developer/Xcode/DerivedData/Termy-bohejasbkevirechwqmlymigyooc/Build/Intermediates.noindex/Termy.build/Debug-iphonesimulator/Termy.build/swift-overrides.hmap -Xcc -iquote -Xcc /Users/shreyanshu/Library/Developer/Xcode/DerivedData/Termy-bohejasbkevirechwqmlymigyooc/Build/Intermediates.noindex/Termy.build/Debug-iphonesimulator/Termy.build/Termy-generated-files.hmap -Xcc -I/Users/shreyanshu/Library/Developer/Xcode/DerivedData/Termy-bohejasbkevirechwqmlymigyooc/Build/Intermediates.noindex/Termy.build/Debug-iphonesimulator/Termy.build/Termy-own-target-headers.hmap -Xcc -I/Users/shreyanshu/Library/Developer/Xcode/DerivedData/Termy-bohejasbkevirechwqmlymigyooc/Build/Intermediates.noindex/Termy.build/Debug-iphonesimulator/Termy.build/Termy-all-non-framework-target-headers.hmap -Xcc -ivfsoverlay -Xcc /Users/shreyanshu/Library/Developer/Xcode/DerivedData/Termy-bohejasbkevirechwqmlymigyooc/Build/Intermediates.noindex/Termy.build/Debug-iphonesimulator/Termy-03cdde650311e857cf26431fdd413124-VFS-iphonesimulator/all-product-headers.yaml -Xcc -iquote -Xcc /Users/shreyanshu/Library/Developer/Xcode/DerivedData/Termy-bohejasbkevirechwqmlymigyooc/Build/Intermediates.noindex/Termy.build/Debug-iphonesimulator/Termy.build/Termy-project-headers.hmap -Xcc -I/Users/shreyanshu/Library/Developer/Xcode/DerivedData/Termy-bohejasbkevirechwqmlymigyooc/Build/Products/Debug-iphonesimulator/include -Xcc -I/Users/shreyanshu/Library/Developer/Xcode/DerivedData/Termy-bohejasbkevirechwqmlymigyooc/Build/Intermediates.noindex/Termy.build/Debug-iphonesimulator/Termy.build/DerivedSources-normal/arm64 -Xcc -I/Users/shreyanshu/Library/Developer/Xcode/DerivedData/Termy-bohejasbkevirechwqmlymigyooc/Build/Intermediates.noindex/Termy.build/Debug-iphonesimulator/Termy.build/DerivedSources/arm64 -Xcc -I/Users/shreyanshu/Library/Developer/Xcode/DerivedData/Termy-bohejasbkevirechwqmlymigyooc/Build/Intermediates.noindex/Termy.build/Debug-iphonesimulator/Termy.build/DerivedSources -Xcc -DDEBUG\=1 -no-auto-bridging-header-chaining -module-name Termy -frontend-parseable-output -disable-clang-spi -target-sdk-version 26.0 -target-sdk-name iphonesimulator26.0 -clang-target arm64-apple-ios26.0-simulator -in-process-plugin-server-path /Applications/Xcode.app/Contents/Developer/Toolchains/XcodeDefault.xctoolchain/usr/lib/swift/host/libSwiftInProcPluginServer.dylib -emit-module-doc-path /Users/shreyanshu/Library/Developer/Xcode/DerivedData/Termy-bohejasbkevirechwqmlymigyooc/Build/Intermediates.noindex/Termy.build/Debug-iphonesimulator/Termy.build/Objects-normal/arm64/Termy.swiftdoc -emit-module-source-info-path /Users/shreyanshu/Library/Developer/Xcode/DerivedData/Termy-bohejasbkevirechwqmlymigyooc/Build/Intermediates.noindex/Termy.build/Debug-iphonesimulator/Termy.build/Objects-normal/arm64/Termy.swiftsourceinfo -emit-objc-header-path /Users/shreyanshu/Library/Developer/Xcode/DerivedData/Termy-bohejasbkevirechwqmlymigyooc/Build/Intermediates.noindex/Termy.build/Debug-iphonesimulator/Termy.build/Objects-normal/arm64/Termy-Swift.h -serialize-diagnostics-path /Users/shreyanshu/Library/Developer/Xcode/DerivedData/Termy-bohejasbkevirechwqmlymigyooc/Build/Intermediates.noindex/Termy.build/Debug-iphonesimulator/Termy.build/Objects-normal/arm64/Termy-primary-emit-module.dia -emit-dependencies-path /Users/shreyanshu/Library/Developer/Xcode/DerivedData/Termy-bohejasbkevirechwqmlymigyooc/Build/Intermediates.noindex/Termy.build/Debug-iphonesimulator/Termy.build/Objects-normal/arm64/Termy-primary-emit-module.d -o /Users/shreyanshu/Library/Developer/Xcode/DerivedData/Termy-bohejasbkevirechwqmlymigyooc/Build/Intermediates.noindex/Termy.build/Debug-iphonesimulator/Termy.build/Objects-normal/arm64/Termy.swiftmodule -emit-abi-descriptor-path /Users/shreyanshu/Library/Developer/Xcode/DerivedData/Termy-bohejasbkevirechwqmlymigyooc/Build/Intermediates.noindex/Termy.build/Debug-iphonesimulator/Termy.build/Objects-normal/arm64/Termy.abi.json

EmitSwiftModule normal arm64 (in target 'Termy' from project 'Termy')
    cd /Users/shreyanshu/Desktop/term/Termy
    
/Users/shreyanshu/Desktop/term/Termy/Termy/Views/Terminal/SwiftTermView.swift:32:11: error: type 'SwiftTermView.Coordinator' does not conform to protocol 'TerminalViewDelegate'
    class Coordinator: NSObject, TerminalViewDelegate {
          ^
/Users/shreyanshu/Desktop/term/Termy/Termy/Views/Terminal/SwiftTermView.swift:32:11: note: add stubs for conformance
    class Coordinator: NSObject, TerminalViewDelegate {
          ^
SwiftTerm.TerminalViewDelegate.requestOpenLink:2:6: note: protocol requires function 'requestOpenLink(source:link:params:)' with type '(TerminalView, String, [String : String]) -> ()'
func requestOpenLink(source: SwiftTerm.TerminalView, link: String, params: [String : String])}
     ^
SwiftTerm.TerminalViewDelegate.clipboardCopy:2:6: note: protocol requires function 'clipboardCopy(source:content:)' with type '(TerminalView, Data) -> ()'
func clipboardCopy(source: SwiftTerm.TerminalView, content: Data)}
     ^
SwiftTerm.TerminalViewDelegate.rangeChanged:2:6: note: protocol requires function 'rangeChanged(source:startY:endY:)' with type '(TerminalView, Int, Int) -> ()'
func rangeChanged(source: SwiftTerm.TerminalView, startY: Int, endY: Int)}
     ^

SwiftCompile normal arm64 Compiling\ ContentView.swift /Users/shreyanshu/Desktop/term/Termy/Termy/ContentView.swift (in target 'Termy' from project 'Termy')

SwiftCompile normal arm64 /Users/shreyanshu/Desktop/term/Termy/Termy/ContentView.swift (in target 'Termy' from project 'Termy')
    cd /Users/shreyanshu/Desktop/term/Termy
    

SwiftCompile normal arm64 Compiling\ TerminalView.swift /Users/shreyanshu/Desktop/term/Termy/Termy/Views/Terminal/TerminalView.swift (in target 'Termy' from project 'Termy')

SwiftCompile normal arm64 /Users/shreyanshu/Desktop/term/Termy/Termy/Views/Terminal/TerminalView.swift (in target 'Termy' from project 'Termy')
    cd /Users/shreyanshu/Desktop/term/Termy
    

SwiftCompile normal arm64 Compiling\ GeneratedAssetSymbols.swift /Users/shreyanshu/Library/Developer/Xcode/DerivedData/Termy-bohejasbkevirechwqmlymigyooc/Build/Intermediates.noindex/Termy.build/Debug-iphonesimulator/Termy.build/DerivedSources/GeneratedAssetSymbols.swift (in target 'Termy' from project 'Termy')

SwiftCompile normal arm64 /Users/shreyanshu/Library/Developer/Xcode/DerivedData/Termy-bohejasbkevirechwqmlymigyooc/Build/Intermediates.noindex/Termy.build/Debug-iphonesimulator/Termy.build/DerivedSources/GeneratedAssetSymbols.swift (in target 'Termy' from project 'Termy')
    cd /Users/shreyanshu/Desktop/term/Termy
    

SwiftCompile normal arm64 Compiling\ SwiftTermView.swift /Users/shreyanshu/Desktop/term/Termy/Termy/Views/Terminal/SwiftTermView.swift (in target 'Termy' from project 'Termy')

SwiftDriverJobDiscovery normal arm64 Compiling GeneratedAssetSymbols.swift (in target 'Termy' from project 'Termy')

